<?xml version="1.0" encoding="UTF-8"?>
<!-- Generated by org.testng.reporters.JUnitXMLReporter -->
<testsuite hostname="DESKTOP-9DDQQRU" ignored="0" name="Default test" tests="6" failures="0" timestamp="17 Feb 2022 17:49:21 GMT" time="0.532" errors="0">
  <testcase name="jas" time="0.061" classname="com.testngprogram.InvocationCount"/>
  <testcase name="jas" time="0.009" classname="com.testngprogram.InvocationCount"/>
  <testcase name="jas" time="0.008" classname="com.testngprogram.InvocationCount"/>
  <testcase name="jas" time="0.012" classname="com.testngprogram.InvocationCount"/>
  <testcase name="jas" time="0.009" classname="com.testngprogram.InvocationCount"/>
  <testcase name="jeni" time="0.013" classname="com.testngprogram.InvocationCount"/>
</testsuite> <!-- Default test -->
